# JRE version: OpenJDK Runtime Environment (21.0.10) (build 21.0.10+-14961533-b1163.108)
# Java VM: OpenJDK 64-Bit Server VM (21.0.10+-14961533-b1163.108, mixed mode, tiered, compressed oops, compressed class ptrs, g1 gc, windows-amd64)
GC Precious Log:
 CardTable entry size: 512
 Card Set container configuration: InlinePtr #cards 5 size 8 Array Of Cards #cards 12 size 40 Howl #buckets 4 coarsen threshold 1843 Howl Bitmap #cards 512 size 80 coarsen threshold 460 Card regions per heap region 1 cards per card region 2048
 CPUs: 12 total, 12 available
 Memory: 15557M
 Large Page Support: Disabled
 NUMA Support: Disabled
 Compressed Oops: Enabled (32-bit)
 Heap Region Size: 1M
 Heap Min Capacity: 8M
 Heap Initial Capacity: 244M
 Heap Max Capacity: 2G
 Pre-touch: Disabled
 Parallel Workers: 10
 Concurrent Workers: 3
 Concurrent Refinement Workers: 10
 Periodic GC: Disabled
Heap:
 garbage-first heap   total 210944K, used 168323K [0x0000000080000000, 0x0000000100000000)
  region size 1024K, 39 young (39936K), 11 survivors (11264K)
 Metaspace       used 126444K, committed 128704K, reserved 1179648K
  class space    used 18399K, committed 19520K, reserved 1048576K
GC Heap History (20 events):
Event: 9.376 GC heap before
{Heap before GC invocations=29 (full 0):
 garbage-first heap   total 168960K, used 87230K [0x0000000080000000, 0x0000000100000000)
  region size 1024K, 8 young (8192K), 7 survivors (7168K)
 Metaspace       used 79813K, committed 81792K, reserved 1179648K
  class space    used 11341K, committed 12352K, reserved 1048576K
}
Event: 9.379 GC heap after
{Heap after GC invocations=30 (full 0):
 garbage-first heap   total 168960K, used 86492K [0x0000000080000000, 0x0000000100000000)
  region size 1024K, 3 young (3072K), 3 survivors (3072K)
 Metaspace       used 79813K, committed 81792K, reserved 1179648K
  class space    used 11341K, committed 12352K, reserved 1048576K
}
Event: 9.756 GC heap before
{Heap before GC invocations=31 (full 0):
 garbage-first heap   total 168960K, used 163292K [0x0000000080000000, 0x0000000100000000)
  region size 1024K, 70 young (71680K), 3 survivors (3072K)
 Metaspace       used 88472K, committed 90496K, reserved 1179648K
  class space    used 12184K, committed 13184K, reserved 1048576K
}
Event: 9.760 GC heap after
{Heap after GC invocations=32 (full 0):
 garbage-first heap   total 171008K, used 91290K [0x0000000080000000, 0x0000000100000000)
  region size 1024K, 6 young (6144K), 6 survivors (6144K)
 Metaspace       used 88472K, committed 90496K, reserved 1179648K
  class space    used 12184K, committed 13184K, reserved 1048576K
}
Event: 10.468 GC heap before
{Heap before GC invocations=32 (full 0):
 garbage-first heap   total 171008K, used 154778K [0x0000000080000000, 0x0000000100000000)
  region size 1024K, 69 young (70656K), 6 survivors (6144K)
 Metaspace       used 95747K, committed 97856K, reserved 1179648K
  class space    used 13431K, committed 14528K, reserved 1048576K
}
Event: 10.474 GC heap after
{Heap after GC invocations=33 (full 0):
 garbage-first heap   total 171008K, used 94558K [0x0000000080000000, 0x0000000100000000)
  region size 1024K, 8 young (8192K), 8 survivors (8192K)
 Metaspace       used 95747K, committed 97856K, reserved 1179648K
  class space    used 13431K, committed 14528K, reserved 1048576K
}
Event: 10.859 GC heap before
{Heap before GC invocations=33 (full 0):
 garbage-first heap   total 171008K, used 154974K [0x0000000080000000, 0x0000000100000000)
  region size 1024K, 68 young (69632K), 8 survivors (8192K)
 Metaspace       used 103241K, committed 105472K, reserved 1179648K
  class space    used 14919K, committed 16064K, reserved 1048576K
}
Event: 10.866 GC heap after
{Heap after GC invocations=34 (full 0):
 garbage-first heap   total 171008K, used 98083K [0x0000000080000000, 0x0000000100000000)
  region size 1024K, 8 young (8192K), 8 survivors (8192K)
 Metaspace       used 103241K, committed 105472K, reserved 1179648K
  class space    used 14919K, committed 16064K, reserved 1048576K
}
Event: 11.138 GC heap before
{Heap before GC invocations=35 (full 0):
 garbage-first heap   total 171008K, used 157475K [0x0000000080000000, 0x0000000100000000)
  region size 1024K, 67 young (68608K), 8 survivors (8192K)
 Metaspace       used 108442K, committed 110720K, reserved 1179648K
  class space    used 15845K, committed 16960K, reserved 1048576K
}
Event: 11.146 GC heap after
{Heap after GC invocations=36 (full 0):
 garbage-first heap   total 171008K, used 99761K [0x0000000080000000, 0x0000000100000000)
  region size 1024K, 6 young (6144K), 6 survivors (6144K)
 Metaspace       used 108442K, committed 110720K, reserved 1179648K
  class space    used 15845K, committed 16960K, reserved 1048576K
}
Event: 11.319 GC heap before
{Heap before GC invocations=36 (full 0):
 garbage-first heap   total 171008K, used 158129K [0x0000000080000000, 0x0000000100000000)
  region size 1024K, 64 young (65536K), 6 survivors (6144K)
 Metaspace       used 110920K, committed 113152K, reserved 1179648K
  class space    used 16210K, committed 17344K, reserved 1048576K
}
Event: 11.325 GC heap after
{Heap after GC invocations=37 (full 0):
 garbage-first heap   total 172032K, used 101619K [0x0000000080000000, 0x0000000100000000)
  region size 1024K, 5 young (5120K), 5 survivors (5120K)
 Metaspace       used 110920K, committed 113152K, reserved 1179648K
  class space    used 16210K, committed 17344K, reserved 1048576K
}
Event: 11.496 GC heap before
{Heap before GC invocations=37 (full 0):
 garbage-first heap   total 172032K, used 158963K [0x0000000080000000, 0x0000000100000000)
  region size 1024K, 62 young (63488K), 5 survivors (5120K)
 Metaspace       used 112113K, committed 114368K, reserved 1179648K
  class space    used 16399K, committed 17536K, reserved 1048576K
}
Event: 11.500 GC heap after
{Heap after GC invocations=38 (full 0):
 garbage-first heap   total 172032K, used 100185K [0x0000000080000000, 0x0000000100000000)
  region size 1024K, 3 young (3072K), 3 survivors (3072K)
 Metaspace       used 112113K, committed 114368K, reserved 1179648K
  class space    used 16399K, committed 17536K, reserved 1048576K
}
Event: 12.040 GC heap before
{Heap before GC invocations=39 (full 0):
 garbage-first heap   total 172032K, used 160601K [0x0000000080000000, 0x0000000100000000)
  region size 1024K, 63 young (64512K), 3 survivors (3072K)
 Metaspace       used 117650K, committed 119808K, reserved 1179648K
  class space    used 17142K, committed 18240K, reserved 1048576K
}
Event: 12.046 GC heap after
{Heap after GC invocations=40 (full 0):
 garbage-first heap   total 172032K, used 102064K [0x0000000080000000, 0x0000000100000000)
  region size 1024K, 5 young (5120K), 5 survivors (5120K)
 Metaspace       used 117650K, committed 119808K, reserved 1179648K
  class space    used 17142K, committed 18240K, reserved 1048576K
}
Event: 12.471 GC heap before
{Heap before GC invocations=40 (full 0):
 garbage-first heap   total 172032K, used 160432K [0x0000000080000000, 0x0000000100000000)
  region size 1024K, 63 young (64512K), 5 survivors (5120K)
 Metaspace       used 122538K, committed 124736K, reserved 1179648K
  class space    used 17899K, committed 19008K, reserved 1048576K
}
Event: 12.479 GC heap after
{Heap after GC invocations=41 (full 0):
 garbage-first heap   total 210944K, used 104532K [0x0000000080000000, 0x0000000100000000)
  region size 1024K, 8 young (8192K), 8 survivors (8192K)
 Metaspace       used 122538K, committed 124736K, reserved 1179648K
  class space    used 17899K, committed 19008K, reserved 1048576K
}
Event: 12.761 GC heap before
{Heap before GC invocations=41 (full 0):
 garbage-first heap   total 210944K, used 131156K [0x0000000080000000, 0x0000000100000000)
  region size 1024K, 36 young (36864K), 8 survivors (8192K)
 Metaspace       used 124540K, committed 126720K, reserved 1179648K
  class space    used 18142K, committed 19264K, reserved 1048576K
}
Event: 12.771 GC heap after
{Heap after GC invocations=42 (full 0):
 garbage-first heap   total 210944K, used 108931K [0x0000000080000000, 0x0000000100000000)
  region size 1024K, 11 young (11264K), 11 survivors (11264K)
 Metaspace       used 124540K, committed 126720K, reserved 1179648K
  class space    used 18142K, committed 19264K, reserved 1048576K
}

