# JRE version: OpenJDK Runtime Environment (21.0.10) (build 21.0.10+-14961533-b1163.108)
# Java VM: OpenJDK 64-Bit Server VM (21.0.10+-14961533-b1163.108, mixed mode, tiered, compressed oops, compressed class ptrs, g1 gc, windows-amd64)
GC Precious Log:
 CardTable entry size: 512
 Card Set container configuration: InlinePtr #cards 5 size 8 Array Of Cards #cards 12 size 40 Howl #buckets 4 coarsen threshold 1843 Howl Bitmap #cards 512 size 80 coarsen threshold 460 Card regions per heap region 1 cards per card region 2048
 CPUs: 12 total, 12 available
 Memory: 15557M
 Large Page Support: Disabled
 NUMA Support: Disabled
 Compressed Oops: Enabled (32-bit)
 Heap Region Size: 1M
 Heap Min Capacity: 8M
 Heap Initial Capacity: 244M
 Heap Max Capacity: 2G
 Pre-touch: Disabled
 Parallel Workers: 10
 Concurrent Workers: 3
 Concurrent Refinement Workers: 10
 Periodic GC: Disabled
Heap:
 garbage-first heap   total 206848K, used 156174K [0x0000000080000000, 0x0000000100000000)
  region size 1024K, 5 young (5120K), 2 survivors (2048K)
 Metaspace       used 90240K, committed 92224K, reserved 1179648K
  class space    used 12595K, committed 13568K, reserved 1048576K
GC Heap History (20 events):
Event: 7.824 GC heap before
{Heap before GC invocations=19 (full 0):
 garbage-first heap   total 112640K, used 100894K [0x0000000080000000, 0x0000000100000000)
  region size 1024K, 36 young (36864K), 5 survivors (5120K)
 Metaspace       used 72744K, committed 74752K, reserved 1114112K
  class space    used 10367K, committed 11392K, reserved 1048576K
}
Event: 7.829 GC heap after
{Heap after GC invocations=20 (full 0):
 garbage-first heap   total 135168K, used 72921K [0x0000000080000000, 0x0000000100000000)
  region size 1024K, 4 young (4096K), 4 survivors (4096K)
 Metaspace       used 72744K, committed 74752K, reserved 1114112K
  class space    used 10367K, committed 11392K, reserved 1048576K
}
Event: 8.027 GC heap before
{Heap before GC invocations=21 (full 0):
 garbage-first heap   total 135168K, used 120025K [0x0000000080000000, 0x0000000100000000)
  region size 1024K, 51 young (52224K), 4 survivors (4096K)
 Metaspace       used 72892K, committed 74880K, reserved 1114112K
  class space    used 10365K, committed 11392K, reserved 1048576K
}
Event: 8.030 GC heap after
{Heap after GC invocations=22 (full 0):
 garbage-first heap   total 135168K, used 74428K [0x0000000080000000, 0x0000000100000000)
  region size 1024K, 6 young (6144K), 6 survivors (6144K)
 Metaspace       used 72892K, committed 74880K, reserved 1114112K
  class space    used 10365K, committed 11392K, reserved 1048576K
}
Event: 8.205 GC heap before
{Heap before GC invocations=22 (full 0):
 garbage-first heap   total 135168K, used 120508K [0x0000000080000000, 0x0000000100000000)
  region size 1024K, 52 young (53248K), 6 survivors (6144K)
 Metaspace       used 73111K, committed 75072K, reserved 1114112K
  class space    used 10379K, committed 11392K, reserved 1048576K
}
Event: 8.210 GC heap after
{Heap after GC invocations=23 (full 0):
 garbage-first heap   total 135168K, used 74536K [0x0000000080000000, 0x0000000100000000)
  region size 1024K, 6 young (6144K), 6 survivors (6144K)
 Metaspace       used 73111K, committed 75072K, reserved 1114112K
  class space    used 10379K, committed 11392K, reserved 1048576K
}
Event: 8.343 GC heap before
{Heap before GC invocations=23 (full 0):
 garbage-first heap   total 135168K, used 121640K [0x0000000080000000, 0x0000000100000000)
  region size 1024K, 53 young (54272K), 6 survivors (6144K)
 Metaspace       used 73285K, committed 75264K, reserved 1114112K
  class space    used 10405K, committed 11392K, reserved 1048576K
}
Event: 8.349 GC heap after
{Heap after GC invocations=24 (full 0):
 garbage-first heap   total 135168K, used 76446K [0x0000000080000000, 0x0000000100000000)
  region size 1024K, 6 young (6144K), 6 survivors (6144K)
 Metaspace       used 73285K, committed 75264K, reserved 1114112K
  class space    used 10405K, committed 11392K, reserved 1048576K
}
Event: 8.587 GC heap before
{Heap before GC invocations=25 (full 0):
 garbage-first heap   total 135168K, used 122526K [0x0000000080000000, 0x0000000100000000)
  region size 1024K, 52 young (53248K), 6 survivors (6144K)
 Metaspace       used 74365K, committed 76352K, reserved 1114112K
  class space    used 10556K, committed 11584K, reserved 1048576K
}
Event: 8.592 GC heap after
{Heap after GC invocations=26 (full 0):
 garbage-first heap   total 135168K, used 78469K [0x0000000080000000, 0x0000000100000000)
  region size 1024K, 4 young (4096K), 4 survivors (4096K)
 Metaspace       used 74365K, committed 76352K, reserved 1114112K
  class space    used 10556K, committed 11584K, reserved 1048576K
}
Event: 8.922 GC heap before
{Heap before GC invocations=26 (full 0):
 garbage-first heap   total 135168K, used 123525K [0x0000000080000000, 0x0000000100000000)
  region size 1024K, 49 young (50176K), 4 survivors (4096K)
 Metaspace       used 77012K, committed 78976K, reserved 1179648K
  class space    used 10933K, committed 11904K, reserved 1048576K
}
Event: 8.926 GC heap after
{Heap after GC invocations=27 (full 0):
 garbage-first heap   total 135168K, used 80073K [0x0000000080000000, 0x0000000100000000)
  region size 1024K, 6 young (6144K), 6 survivors (6144K)
 Metaspace       used 77012K, committed 78976K, reserved 1179648K
  class space    used 10933K, committed 11904K, reserved 1048576K
}
Event: 9.259 GC heap before
{Heap before GC invocations=27 (full 0):
 garbage-first heap   total 135168K, used 123081K [0x0000000080000000, 0x0000000100000000)
  region size 1024K, 49 young (50176K), 6 survivors (6144K)
 Metaspace       used 78862K, committed 80832K, reserved 1179648K
  class space    used 11221K, committed 12224K, reserved 1048576K
}
Event: 9.265 GC heap after
{Heap after GC invocations=28 (full 0):
 garbage-first heap   total 162816K, used 82913K [0x0000000080000000, 0x0000000100000000)
  region size 1024K, 7 young (7168K), 7 survivors (7168K)
 Metaspace       used 78862K, committed 80832K, reserved 1179648K
  class space    used 11221K, committed 12224K, reserved 1048576K
}
Event: 9.814 GC heap before
{Heap before GC invocations=29 (full 0):
 garbage-first heap   total 162816K, used 153569K [0x0000000080000000, 0x0000000100000000)
  region size 1024K, 72 young (73728K), 7 survivors (7168K)
 Metaspace       used 84970K, committed 86976K, reserved 1179648K
  class space    used 11842K, committed 12864K, reserved 1048576K
}
Event: 9.822 GC heap after
{Heap after GC invocations=30 (full 0):
 garbage-first heap   total 164864K, used 85398K [0x0000000080000000, 0x0000000100000000)
  region size 1024K, 7 young (7168K), 7 survivors (7168K)
 Metaspace       used 84970K, committed 86976K, reserved 1179648K
  class space    used 11842K, committed 12864K, reserved 1048576K
}
Event: 10.522 GC heap before
{Heap before GC invocations=30 (full 0):
 garbage-first heap   total 164864K, used 152982K [0x0000000080000000, 0x0000000100000000)
  region size 1024K, 69 young (70656K), 7 survivors (7168K)
 Metaspace       used 89709K, committed 91712K, reserved 1179648K
  class space    used 12517K, committed 13504K, reserved 1048576K
}
Event: 10.533 GC heap after
{Heap after GC invocations=31 (full 0):
 garbage-first heap   total 171008K, used 92660K [0x0000000080000000, 0x0000000100000000)
  region size 1024K, 9 young (9216K), 9 survivors (9216K)
 Metaspace       used 89709K, committed 91712K, reserved 1179648K
  class space    used 12517K, committed 13504K, reserved 1048576K
}
Event: 10.571 GC heap before
{Heap before GC invocations=31 (full 0):
 garbage-first heap   total 171008K, used 95732K [0x0000000080000000, 0x0000000100000000)
  region size 1024K, 13 young (13312K), 9 survivors (9216K)
 Metaspace       used 90050K, committed 92032K, reserved 1179648K
  class space    used 12564K, committed 13568K, reserved 1048576K
}
Event: 10.577 GC heap after
{Heap after GC invocations=32 (full 0):
 garbage-first heap   total 171008K, used 94734K [0x0000000080000000, 0x0000000100000000)
  region size 1024K, 2 young (2048K), 2 survivors (2048K)
 Metaspace       used 90050K, committed 92032K, reserved 1179648K
  class space    used 12564K, committed 13568K, reserved 1048576K
}

