# JRE version: OpenJDK Runtime Environment (21.0.10) (build 21.0.10+-14961533-b1163.108)
# Java VM: OpenJDK 64-Bit Server VM (21.0.10+-14961533-b1163.108, mixed mode, tiered, compressed oops, compressed class ptrs, g1 gc, windows-amd64)
GC Precious Log:
 CardTable entry size: 512
 Card Set container configuration: InlinePtr #cards 5 size 8 Array Of Cards #cards 12 size 40 Howl #buckets 4 coarsen threshold 1843 Howl Bitmap #cards 512 size 80 coarsen threshold 460 Card regions per heap region 1 cards per card region 2048
 CPUs: 12 total, 12 available
 Memory: 15557M
 Large Page Support: Disabled
 NUMA Support: Disabled
 Compressed Oops: Enabled (32-bit)
 Heap Region Size: 1M
 Heap Min Capacity: 8M
 Heap Initial Capacity: 244M
 Heap Max Capacity: 2G
 Pre-touch: Disabled
 Parallel Workers: 10
 Concurrent Workers: 3
 Concurrent Refinement Workers: 10
 Periodic GC: Disabled
Heap:
 garbage-first heap   total 219136K, used 216053K [0x0000000080000000, 0x0000000100000000)
  region size 1024K, 76 young (77824K), 2 survivors (2048K)
 Metaspace       used 92712K, committed 94784K, reserved 1179648K
  class space    used 12832K, committed 13888K, reserved 1048576K
GC Heap History (20 events):
Event: 8.177 GC heap after
{Heap after GC invocations=19 (full 0):
 garbage-first heap   total 113664K, used 66204K [0x0000000080000000, 0x0000000100000000)
  region size 1024K, 4 young (4096K), 4 survivors (4096K)
 Metaspace       used 70273K, committed 72128K, reserved 1114112K
  class space    used 9957K, committed 10880K, reserved 1048576K
}
Event: 19.900 GC heap before
{Heap before GC invocations=19 (full 0):
 garbage-first heap   total 113664K, used 104092K [0x0000000080000000, 0x0000000100000000)
  region size 1024K, 40 young (40960K), 4 survivors (4096K)
 Metaspace       used 71924K, committed 73792K, reserved 1114112K
  class space    used 10177K, committed 11136K, reserved 1048576K
}
Event: 19.907 GC heap after
{Heap after GC invocations=20 (full 0):
 garbage-first heap   total 113664K, used 67331K [0x0000000080000000, 0x0000000100000000)
  region size 1024K, 3 young (3072K), 3 survivors (3072K)
 Metaspace       used 71924K, committed 73792K, reserved 1114112K
  class space    used 10177K, committed 11136K, reserved 1048576K
}
Event: 20.357 GC heap before
{Heap before GC invocations=20 (full 0):
 garbage-first heap   total 113664K, used 103171K [0x0000000080000000, 0x0000000100000000)
  region size 1024K, 38 young (38912K), 3 survivors (3072K)
 Metaspace       used 73514K, committed 75456K, reserved 1114112K
  class space    used 10398K, committed 11392K, reserved 1048576K
}
Event: 20.363 GC heap after
{Heap after GC invocations=21 (full 0):
 garbage-first heap   total 113664K, used 69967K [0x0000000080000000, 0x0000000100000000)
  region size 1024K, 5 young (5120K), 5 survivors (5120K)
 Metaspace       used 73514K, committed 75456K, reserved 1114112K
  class space    used 10398K, committed 11392K, reserved 1048576K
}
Event: 20.725 GC heap before
{Heap before GC invocations=22 (full 0):
 garbage-first heap   total 117760K, used 103759K [0x0000000080000000, 0x0000000100000000)
  region size 1024K, 39 young (39936K), 5 survivors (5120K)
 Metaspace       used 74897K, committed 76864K, reserved 1179648K
  class space    used 10597K, committed 11584K, reserved 1048576K
}
Event: 20.730 GC heap after
{Heap after GC invocations=23 (full 0):
 garbage-first heap   total 141312K, used 73671K [0x0000000080000000, 0x0000000100000000)
  region size 1024K, 5 young (5120K), 5 survivors (5120K)
 Metaspace       used 74897K, committed 76864K, reserved 1179648K
  class space    used 10597K, committed 11584K, reserved 1048576K
}
Event: 20.938 GC heap before
{Heap before GC invocations=23 (full 0):
 garbage-first heap   total 141312K, used 126919K [0x0000000080000000, 0x0000000100000000)
  region size 1024K, 58 young (59392K), 5 survivors (5120K)
 Metaspace       used 76080K, committed 78016K, reserved 1179648K
  class space    used 10702K, committed 11712K, reserved 1048576K
}
Event: 20.945 GC heap after
{Heap after GC invocations=24 (full 0):
 garbage-first heap   total 141312K, used 77641K [0x0000000080000000, 0x0000000100000000)
  region size 1024K, 8 young (8192K), 8 survivors (8192K)
 Metaspace       used 76080K, committed 78016K, reserved 1179648K
  class space    used 10702K, committed 11712K, reserved 1048576K
}
Event: 21.066 GC heap before
{Heap before GC invocations=24 (full 0):
 garbage-first heap   total 141312K, used 126793K [0x0000000080000000, 0x0000000100000000)
  region size 1024K, 57 young (58368K), 8 survivors (8192K)
 Metaspace       used 76236K, committed 78208K, reserved 1179648K
  class space    used 10705K, committed 11712K, reserved 1048576K
}
Event: 21.073 GC heap after
{Heap after GC invocations=25 (full 0):
 garbage-first heap   total 141312K, used 80270K [0x0000000080000000, 0x0000000100000000)
  region size 1024K, 5 young (5120K), 5 survivors (5120K)
 Metaspace       used 76236K, committed 78208K, reserved 1179648K
  class space    used 10705K, committed 11712K, reserved 1048576K
}
Event: 21.207 GC heap before
{Heap before GC invocations=26 (full 0):
 garbage-first heap   total 141312K, used 127374K [0x0000000080000000, 0x0000000100000000)
  region size 1024K, 52 young (53248K), 5 survivors (5120K)
 Metaspace       used 76322K, committed 78272K, reserved 1179648K
  class space    used 10712K, committed 11712K, reserved 1048576K
}
Event: 21.212 GC heap after
{Heap after GC invocations=27 (full 0):
 garbage-first heap   total 141312K, used 82104K [0x0000000080000000, 0x0000000100000000)
  region size 1024K, 4 young (4096K), 4 survivors (4096K)
 Metaspace       used 76322K, committed 78272K, reserved 1179648K
  class space    used 10712K, committed 11712K, reserved 1048576K
}
Event: 21.325 GC heap before
{Heap before GC invocations=27 (full 0):
 garbage-first heap   total 141312K, used 128184K [0x0000000080000000, 0x0000000100000000)
  region size 1024K, 50 young (51200K), 4 survivors (4096K)
 Metaspace       used 76717K, committed 78720K, reserved 1179648K
  class space    used 10773K, committed 11776K, reserved 1048576K
}
Event: 21.330 GC heap after
{Heap after GC invocations=28 (full 0):
 garbage-first heap   total 141312K, used 82606K [0x0000000080000000, 0x0000000100000000)
  region size 1024K, 5 young (5120K), 5 survivors (5120K)
 Metaspace       used 76717K, committed 78720K, reserved 1179648K
  class space    used 10773K, committed 11776K, reserved 1048576K
}
Event: 21.792 GC heap before
{Heap before GC invocations=28 (full 0):
 garbage-first heap   total 141312K, used 127662K [0x0000000080000000, 0x0000000100000000)
  region size 1024K, 50 young (51200K), 5 survivors (5120K)
 Metaspace       used 80222K, committed 82240K, reserved 1179648K
  class space    used 11300K, committed 12352K, reserved 1048576K
}
Event: 21.797 GC heap after
{Heap after GC invocations=29 (full 0):
 garbage-first heap   total 197632K, used 84869K [0x0000000080000000, 0x0000000100000000)
  region size 1024K, 3 young (3072K), 3 survivors (3072K)
 Metaspace       used 80222K, committed 82240K, reserved 1179648K
  class space    used 11300K, committed 12352K, reserved 1048576K
}
Event: 22.446 GC heap before
{Heap before GC invocations=30 (full 0):
 garbage-first heap   total 197632K, used 184197K [0x0000000080000000, 0x0000000100000000)
  region size 1024K, 96 young (98304K), 3 survivors (3072K)
 Metaspace       used 86454K, committed 88512K, reserved 1179648K
  class space    used 11950K, committed 12992K, reserved 1048576K
}
Event: 22.452 GC heap after
{Heap after GC invocations=31 (full 0):
 garbage-first heap   total 197632K, used 90101K [0x0000000080000000, 0x0000000100000000)
  region size 1024K, 8 young (8192K), 8 survivors (8192K)
 Metaspace       used 86454K, committed 88512K, reserved 1179648K
  class space    used 11950K, committed 12992K, reserved 1048576K
}
Event: 23.410 GC heap before
{Heap before GC invocations=31 (full 0):
 garbage-first heap   total 217088K, used 215029K [0x0000000080000000, 0x0000000100000000)
  region size 1024K, 82 young (83968K), 8 survivors (8192K)
 Metaspace       used 92712K, committed 94784K, reserved 1179648K
  class space    used 12832K, committed 13888K, reserved 1048576K
}

